d:\c2\pgapi_2024\gfx-graphics\gfxframework.dir\debug\vc143.pdb
d:\c2\pgapi_2024\gfx-graphics\gfxframework.dir\debug\aabb.obj
d:\c2\pgapi_2024\gfx-graphics\gfxframework.dir\debug\physicsproperties.obj
d:\c2\pgapi_2024\gfx-graphics\gfxframework.dir\debug\collidemesh.obj
d:\c2\pgapi_2024\gfx-graphics\gfxframework.dir\debug\objects.obj
d:\c2\pgapi_2024\gfx-graphics\gfxframework.dir\debug\collisions.obj
d:\c2\pgapi_2024\gfx-graphics\gfxframework.dir\debug\world.obj
d:\c2\pgapi_2024\gfx-graphics\gfxframework.dir\debug\window_object.obj
d:\c2\pgapi_2024\gfx-graphics\gfxframework.dir\debug\window_callbacks.obj
d:\c2\pgapi_2024\gfx-graphics\gfxframework.dir\debug\input_controller.obj
d:\c2\pgapi_2024\gfx-graphics\gfxframework.dir\debug\texture_manager.obj
d:\c2\pgapi_2024\gfx-graphics\gfxframework.dir\debug\texture2d.obj
d:\c2\pgapi_2024\gfx-graphics\gfxframework.dir\debug\shader.obj
d:\c2\pgapi_2024\gfx-graphics\gfxframework.dir\debug\mesh.obj
d:\c2\pgapi_2024\gfx-graphics\gfxframework.dir\debug\gpu_buffers.obj
d:\c2\pgapi_2024\gfx-graphics\gfxframework.dir\debug\frame_buffer.obj
d:\c2\pgapi_2024\gfx-graphics\gfxframework.dir\debug\engine.obj
d:\c2\pgapi_2024\gfx-graphics\gfxframework.dir\debug\text_renderer.obj
d:\c2\pgapi_2024\gfx-graphics\gfxframework.dir\debug\simple_scene.obj
d:\c2\pgapi_2024\gfx-graphics\gfxframework.dir\debug\scene_input.obj
d:\c2\pgapi_2024\gfx-graphics\gfxframework.dir\debug\camera_input.obj
d:\c2\pgapi_2024\gfx-graphics\gfxframework.dir\debug\lab3_vis2d.obj
d:\c2\pgapi_2024\gfx-graphics\gfxframework.dir\debug\world_of_tanks.obj
d:\c2\pgapi_2024\gfx-graphics\gfxframework.dir\debug\tankcomponent.obj
d:\c2\pgapi_2024\gfx-graphics\gfxframework.dir\debug\renderer.obj
d:\c2\pgapi_2024\gfx-graphics\gfxframework.dir\debug\enemytanks.obj
d:\c2\pgapi_2024\gfx-graphics\gfxframework.dir\debug\buildings.obj
d:\c2\pgapi_2024\gfx-graphics\gfxframework.dir\debug\zombies.obj
d:\c2\pgapi_2024\gfx-graphics\gfxframework.dir\debug\rendertext.obj
d:\c2\pgapi_2024\gfx-graphics\gfxframework.dir\debug\renderscene.obj
d:\c2\pgapi_2024\gfx-graphics\gfxframework.dir\debug\pointscore.obj
d:\c2\pgapi_2024\gfx-graphics\gfxframework.dir\debug\plants_vs_zombies.obj
d:\c2\pgapi_2024\gfx-graphics\gfxframework.dir\debug\plants.obj
d:\c2\pgapi_2024\gfx-graphics\gfxframework.dir\debug\objectsgame.obj
d:\c2\pgapi_2024\gfx-graphics\gfxframework.dir\debug\objects2d.obj
d:\c2\pgapi_2024\gfx-graphics\gfxframework.dir\debug\greensquares.obj
d:\c2\pgapi_2024\gfx-graphics\gfxframework.dir\debug\slidermanager.obj
d:\c2\pgapi_2024\gfx-graphics\gfxframework.dir\debug\load.obj
d:\c2\pgapi_2024\gfx-graphics\gfxframework.dir\debug\lighthouse.obj
d:\c2\pgapi_2024\gfx-graphics\gfxframework.dir\debug\obb.obj
d:\c2\pgapi_2024\gfx-graphics\gfxframework.dir\debug\boundingsphere.obj
d:\c2\pgapi_2024\gfx-graphics\gfxframework.dir\debug\text_utils.obj
d:\c2\pgapi_2024\gfx-graphics\gfxframework.dir\debug\gl_utils.obj
d:\c2\pgapi_2024\gfx-graphics\gfxframework.dir\debug\main.obj
d:\c2\pgapi_2024\gfx-graphics\gfxframework.dir\debug\waterfalllake.obj
d:\c2\pgapi_2024\gfx-graphics\gfxframework.dir\debug\waterfall.obj
d:\c2\pgapi_2024\gfx-graphics\gfxframework.dir\debug\waterdrops.obj
d:\c2\pgapi_2024\gfx-graphics\gfxframework.dir\debug\loader.obj
d:\c2\pgapi_2024\gfx-graphics\gfxframework.dir\debug\firefly.obj
d:\c2\pgapi_2024\gfx-graphics\gfxframework.dir\debug\fallingstars.obj
d:\c2\pgapi_2024\gfx-graphics\gfxframework.dir\debug\cubemap.obj
d:\c2\pgapi_2024\gfx-graphics\gfxframework.dir\debug\createplane.obj
d:\c2\pgapi_2024\gfx-graphics\gfxframework.dir\debug\constants.obj
d:\c2\pgapi_2024\gfx-graphics\gfxframework.dir\debug\threadpool.obj
d:\c2\pgapi_2024\gfx-graphics\gfxframework.dir\debug\sketcheffect.obj
d:\c2\pgapi_2024\gfx-graphics\gfxframework.dir\debug\gpu_sketcheffect.obj
d:\c2\pgapi_2024\gfx-graphics\gfxframework.dir\debug\cpu_sketcheffect.obj
d:\c2\pgapi_2024\gfx-graphics\gfxframework.dir\debug\texturi.obj
d:\c2\pgapi_2024\gfx-graphics\gfxframework.dir\debug\lab9.obj
d:\c2\pgapi_2024\gfx-graphics\gfxframework.dir\debug\object2d.obj
d:\c2\pgapi_2024\gfx-graphics\gfxframework.dir\debug\src\lab_m1\lighthouse\gameinit.cpp.obj
d:\c2\pgapi_2024\gfx-graphics\gfxframework.dir\debug\src\lab_m1\plants_vs_zombies\gameconstants.cpp.obj
d:\c2\pgapi_2024\gfx-graphics\gfxframework.dir\debug\src\lab_m1\plants_vs_zombies\gameinit.cpp.obj
d:\c2\pgapi_2024\gfx-graphics\gfxframework.dir\debug\src\lab_m1\plants_vs_zombies\projectiles.cpp.obj
d:\c2\pgapi_2024\gfx-graphics\gfxframework.dir\debug\src\lab_m1\world_of_tanks\gameconstants.cpp.obj
d:\c2\pgapi_2024\gfx-graphics\gfxframework.dir\debug\src\lab_m1\world_of_tanks\gameinit.cpp.obj
d:\c2\pgapi_2024\gfx-graphics\gfxframework.dir\debug\src\lab_m1\world_of_tanks\projectiles.cpp.obj
d:\c2\pgapi_2024\gfx-graphics\gfxframework.dir\debug\src\lab_m1\lab1\lab1.cpp.obj
d:\c2\pgapi_2024\gfx-graphics\gfxframework.dir\debug\src\lab_m1\lab2\lab2.cpp.obj
d:\c2\pgapi_2024\gfx-graphics\gfxframework.dir\debug\src\lab_m1\lab3\lab3.cpp.obj
d:\c2\pgapi_2024\gfx-graphics\gfxframework.dir\debug\src\lab_m1\lab4\lab4.cpp.obj
d:\c2\pgapi_2024\gfx-graphics\gfxframework.dir\debug\src\lab_m1\lab5\lab5.cpp.obj
d:\c2\pgapi_2024\gfx-graphics\gfxframework.dir\debug\src\lab_m1\lab6\lab6.cpp.obj
d:\c2\pgapi_2024\gfx-graphics\gfxframework.dir\debug\src\lab_m1\lab7\lab7.cpp.obj
d:\c2\pgapi_2024\gfx-graphics\gfxframework.dir\debug\src\lab_m1\lab8\lab8.cpp.obj
d:\c2\pgapi_2024\gfx-graphics\gfxframework.dir\debug\src\lab_m2\lab1\lab1.cpp.obj
d:\c2\pgapi_2024\gfx-graphics\gfxframework.dir\debug\src\lab_m2\lab2\lab2.cpp.obj
d:\c2\pgapi_2024\gfx-graphics\gfxframework.dir\debug\src\lab_m2\lab3\lab3.cpp.obj
d:\c2\pgapi_2024\gfx-graphics\gfxframework.dir\debug\src\lab_m2\lab4\lab4.cpp.obj
d:\c2\pgapi_2024\gfx-graphics\gfxframework.dir\debug\src\lab_m2\lab5\lab5.cpp.obj
d:\c2\pgapi_2024\gfx-graphics\gfxframework.dir\debug\src\lab_m2\lab6\lab6.cpp.obj
d:\c2\pgapi_2024\gfx-graphics\gfxframework.dir\debug\src\lab_m2\lab7\lab7.cpp.obj
d:\c2\pgapi_2024\gfx-graphics\gfxframework.dir\debug\src\lab_m2\lab8\lab8.cpp.obj
d:\c2\pgapi_2024\gfx-graphics\cmakefiles\generate.stamp
d:\c2\pgapi_2024\gfx-graphics\bin\debug\gfxframework.exe
d:\c2\pgapi_2024\gfx-graphics\bin\debug\gfxframework.pdb
d:\c2\pgapi_2024\gfx-graphics\debug\gfxframework.lib
d:\c2\pgapi_2024\gfx-graphics\debug\gfxframework.exp
d:\c2\pgapi_2024\gfx-graphics\gfxframework.dir\debug\gfxframework.ilk
d:\c2\pgapi_2024\gfx-graphics\gfxframework.dir\debug\gfxframework.tlog\cl.command.1.tlog
d:\c2\pgapi_2024\gfx-graphics\gfxframework.dir\debug\gfxframework.tlog\cl.items.tlog
d:\c2\pgapi_2024\gfx-graphics\gfxframework.dir\debug\gfxframework.tlog\cl.read.1.tlog
d:\c2\pgapi_2024\gfx-graphics\gfxframework.dir\debug\gfxframework.tlog\cl.write.1.tlog
d:\c2\pgapi_2024\gfx-graphics\gfxframework.dir\debug\gfxframework.tlog\custombuild.command.1.tlog
d:\c2\pgapi_2024\gfx-graphics\gfxframework.dir\debug\gfxframework.tlog\custombuild.read.1.tlog
d:\c2\pgapi_2024\gfx-graphics\gfxframework.dir\debug\gfxframework.tlog\custombuild.write.1.tlog
d:\c2\pgapi_2024\gfx-graphics\gfxframework.dir\debug\gfxframework.tlog\link.command.1.tlog
d:\c2\pgapi_2024\gfx-graphics\gfxframework.dir\debug\gfxframework.tlog\link.read.1.tlog
d:\c2\pgapi_2024\gfx-graphics\gfxframework.dir\debug\gfxframework.tlog\link.secondary.1.tlog
d:\c2\pgapi_2024\gfx-graphics\gfxframework.dir\debug\gfxframework.tlog\link.write.1.tlog
